<?xml version="1.0" encoding="UTF-8"?>
<testsuite xmlns:xsi="http://www.w3.org/2001/XMLSchema-instance" xsi:noNamespaceSchemaLocation="https://maven.apache.org/surefire/maven-surefire-plugin/xsd/surefire-test-report.xsd" name="com.example.mcpserver.controller.FreightControllerTest" time="4.155" tests="2" errors="0" skipped="0" failures="0">
  <properties>
[...]
</properties>
  <testcase name="whenGetEstimatedArrivalTime_givenValidDocumentNumber_thenReturnEta" classname="com.example.mcpserver.controller.FreightControllerTest" time="0.146"/>
  <testcase name="whenGetEstimatedArrivalTime_givenInvalidDocumentNumber_thenReturnNotFound" classname="com.example.mcpserver.controller.FreightControllerTest" time="0.05"/>
</testsuite>